#
# There is insufficient memory for the Java Runtime Environment to continue.
# Native memory allocation (malloc) failed to allocate 1048576 bytes for AllocateHeap
# Possible reasons:
#   The system is out of physical RAM or swap space
#   The process is running with CompressedOops enabled, and the Java Heap may be blocking the growth of the native heap
# Possible solutions:
#   Reduce memory load on the system
#   Increase physical memory or swap space
#   Check if swap backing store is full
#   Decrease Java heap size (-Xmx/-Xms)
#   Decrease number of Java threads
#   Decrease Java thread stack sizes (-Xss)
#   Set larger code cache with -XX:ReservedCodeCacheSize=
#   JVM is running with Unscaled Compressed Oops mode in which the Java heap is
#     placed in the first 4GB address space. The Java Heap base address is the
#     maximum limit for the native heap growth. Please use -XX:HeapBaseMinAddress
#     to set the Java Heap base and to place the Java Heap above 4GB virtual address.
# This output file may be truncated or incomplete.
#
#  Out of Memory Error (./open/src/hotspot/share/memory/allocation.cpp:44), pid=900, tid=3560
#
# JRE version: OpenJDK Runtime Environment (15.0.2+7) (build 15.0.2+7-27)
# Java VM: OpenJDK 64-Bit Server VM (15.0.2+7-27, mixed mode, tiered, compressed oops, g1 gc, windows-amd64)
# No core dump will be written. Minidumps are not enabled by default on client versions of Windows
#

---------------  S U M M A R Y ------------

Command Line: -Dcom.sun.management.jmxremote -Dcom.sun.management.jmxremote.port=55234 -Dcom.sun.management.jmxremote.authenticate=false -Dcom.sun.management.jmxremote.ssl=false -Djava.rmi.server.hostname=localhost -Dspring.jmx.enabled=true -Dspring.application.admin.enabled=true -XX:TieredStopAtLevel=1 -Dspring.boot.project.name=ControleDeEstoqueApi -Dfile.encoding=UTF-8 -XX:+ShowCodeDetailsInExceptionMessages H.ControleDeEstoqueApi.ControleDeEstoqueApiApplication --spring.output.ansi.enabled=always

Host: Intel(R) Core(TM) i3-3110M CPU @ 2.40GHz, 4 cores, 5G,  Windows 8.1 , 64 bit Build 9600 (6.3.9600.17415)
Time: Wed May 26 11:26:13 2021 Hora oficial do Brasil elapsed time: 1.410562 seconds (0d 0h 0m 1s)

---------------  T H R E A D  ---------------

Current thread (0x0000001d6371cdb0):  VMThread "VM Thread" [stack: 0x0000001d63b10000,0x0000001d63c10000] [id=3560]

Stack: [0x0000001d63b10000,0x0000001d63c10000]
[error occurred during error reporting (printing stack bounds), id 0xc0000005, EXCEPTION_ACCESS_VIOLATION (0xc0000005) at pc=0x0000001d4dc910ad]

Native frames: (J=compiled Java code, j=interpreted, Vv=VM code, C=native code)
V  [jvm.dll+0x62ae9a]
V  [jvm.dll+0x7817a9]
V  [jvm.dll+0x782f03]
V  [jvm.dll+0x7834c5]
V  [jvm.dll+0x78347b]
V  [jvm.dll+0x62a2b9]
V  [jvm.dll+0x62aa88]
C  [ntdll.dll+0x9349d]
C  [ntdll.dll+0x548d7]
C  [ntdll.dll+0x9262a]
C  0x0000001d4dc910ad

VM_Operation (0x0000001d49a4c670): CollectForMetadataAllocation, mode: safepoint, requested by thread 0x0000001d4a2b4ae0


---------------  P R O C E S S  ---------------

Threads class SMR info:
_java_thread_list=0x0000001d6493cf00, length=17, elements={
0x0000001d4a2b4ae0, 0x0000001d62d00030, 0x0000001d6374a060, 0x0000001d62d071e0,
0x0000001d62d07ba0, 0x0000001d62d08960, 0x0000001d637684b0, 0x0000001d6372d110,
0x0000001d638cb010, 0x0000001d63914d60, 0x0000001d647c1990, 0x0000001d647bfee0,
0x0000001d647be1b0, 0x0000001d648be7a0, 0x0000001d648cd2b0, 0x0000001d648cd780,
0x0000001d64b9f490
}

Java Threads: ( => current thread )
  0x0000001d4a2b4ae0 JavaThread "main" [_thread_blocked, id=192, stack(0x0000001d49950000,0x0000001d49a50000)]
  0x0000001d62d00030 JavaThread "Reference Handler" daemon [_thread_blocked, id=320, stack(0x0000001d63c10000,0x0000001d63d10000)]
  0x0000001d6374a060 JavaThread "Finalizer" daemon [_thread_blocked, id=4408, stack(0x0000001d63d10000,0x0000001d63e10000)]
  0x0000001d62d071e0 JavaThread "Signal Dispatcher" daemon [_thread_blocked, id=4628, stack(0x0000001d63f00000,0x0000001d64000000)]
  0x0000001d62d07ba0 JavaThread "Attach Listener" daemon [_thread_blocked, id=2816, stack(0x0000001d64000000,0x0000001d64100000)]
  0x0000001d62d08960 JavaThread "Service Thread" daemon [_thread_blocked, id=5692, stack(0x0000001d64100000,0x0000001d64200000)]
  0x0000001d637684b0 JavaThread "C1 CompilerThread0" daemon [_thread_blocked, id=6252, stack(0x0000001d64200000,0x0000001d64300000)]
  0x0000001d6372d110 JavaThread "Sweeper thread" daemon [_thread_blocked, id=5596, stack(0x0000001d64300000,0x0000001d64400000)]
  0x0000001d638cb010 JavaThread "Common-Cleaner" daemon [_thread_blocked, id=4996, stack(0x0000001d64400000,0x0000001d64500000)]
  0x0000001d63914d60 JavaThread "Notification Thread" daemon [_thread_blocked, id=4016, stack(0x0000001d64500000,0x0000001d64600000)]
  0x0000001d647c1990 JavaThread "RMI TCP Accept-0" daemon [_thread_in_native, id=6860, stack(0x0000001d652e0000,0x0000001d653e0000)]
  0x0000001d647bfee0 JavaThread "RMI TCP Accept-55234" daemon [_thread_in_native, id=6104, stack(0x0000001d654e0000,0x0000001d655e0000)]
  0x0000001d647be1b0 JavaThread "RMI TCP Accept-0" daemon [_thread_in_native, id=4168, stack(0x0000001d657e0000,0x0000001d658e0000)]
  0x0000001d648be7a0 JavaThread "RMI TCP Connection(1)-127.0.0.1" daemon [_thread_in_native, id=5172, stack(0x0000001d65ce0000,0x0000001d65de0000)]
  0x0000001d648cd2b0 JavaThread "RMI Scheduler(0)" daemon [_thread_blocked, id=2576, stack(0x0000001d65de0000,0x0000001d65ee0000)]
  0x0000001d648cd780 JavaThread "RMI TCP Connection(2)-127.0.0.1" daemon [_thread_in_native, id=836, stack(0x0000001d65ee0000,0x0000001d65fe0000)]
  0x0000001d64b9f490 JavaThread "JMX server connection timeout 20" daemon [_thread_blocked, id=5196, stack(0x0000001d661e0000,0x0000001d662e0000)]

Other Threads:
=>0x0000001d6371cdb0 VMThread "VM Thread" [stack: 0x0000001d63b10000,0x0000001d63c10000] [id=3560]
  0x0000001d647be680 WatcherThread [stack: 0x0000001d658e0000,0x0000001d659e0000] [id=152]
  0x0000001d4a2ec390 GCTaskThread "GC Thread#0" [stack: 0x0000001d4a070000,0x0000001d4a170000] [id=1128]
  0x0000001d64be1c50 GCTaskThread "GC Thread#1" [stack: 0x0000001d65fe0000,0x0000001d660e0000] [id=4248]
  0x0000001d4a2f9320 ConcurrentGCThread "G1 Main Marker" [stack: 0x0000001d604d0000,0x0000001d605d0000] [id=5664]
  0x0000001d4a2fac90 ConcurrentGCThread "G1 Conc#0" [stack: 0x0000001d605d0000,0x0000001d606d0000] [id=5060]
  0x0000001d4a34d220 ConcurrentGCThread "G1 Refine#0" [stack: 0x0000001d62d10000,0x0000001d62e10000] [id=3052]
  0x0000001d64bdd890 ConcurrentGCThread "G1 Refine#1" [stack: 0x0000001d660e0000,0x0000001d661e0000] [id=2276]
  0x0000001d6392c280 ConcurrentGCThread "G1 Refine#2" [stack: 0x0000001d662e0000,0x0000001d663e0000] [id=1712]
  0x0000001d4a34ea60 ConcurrentGCThread "G1 Young RemSet Sampling" [stack: 0x0000001d62e10000,0x0000001d62f10000] [id=3540]

Threads with active compile tasks:

VM state: at safepoint (normal execution)

VM Mutex/Monitor currently owned by a thread:  ([mutex/lock_event])
[0x0000001d4a2b1820] Threads_lock - owner thread: 0x0000001d6371cdb0
[0x0000001d4a2b13a0] Heap_lock - owner thread: 0x0000001d4a2b4ae0

OutOfMemory and StackOverflow Exception counts:
OutOfMemoryError java_heap_errors=1
LinkageErrors=37

Heap address: 0x00000000a1a00000, size: 1510 MB, Compressed Oops mode: 32-bit
CDS disabled.
Compressed class space mapped at: 0x0000000100000000-0x0000000140000000, size: 1073741824
Narrow klass base: 0x0000000000000000, Narrow klass shift: 3, Narrow klass range: 0x140000000

GC Precious Log:
 CPUs: 4 total, 4 available
 Memory: 6037M
 Large Page Support: Disabled
 NUMA Support: Disabled
 Compressed Oops: Enabled (32-bit)
 Heap Region Size: 1M
 Heap Min Capacity: 8M
 Heap Initial Capacity: 96M
 Heap Max Capacity: 1510M
 Pre-touch: Disabled
 Parallel Workers: 4
 Concurrent Workers: 1
 Concurrent Refinement Workers: 4
 Periodic GC: Disabled

Heap:
 garbage-first heap   total 98304K, used 5730K [0x00000000a1a00000, 0x0000000100000000)
  region size 1024K, 2 young (2048K), 2 survivors (2048K)
 Metaspace       used 18476K, capacity 18751K, committed 18816K, reserved 1083392K
  class space    used 2019K, capacity 2117K, committed 2176K, reserved 1048576K

Heap Regions: E=young(eden), S=young(survivor), O=old, HS=humongous(starts), HC=humongous(continues), CS=collection set, F=free, OA=open archive, CA=closed archive, TAMS=top-at-mark-start (previous, next)
|   0|0x00000000a1a00000, 0x00000000a1b00000, 0x00000000a1b00000|100%| O|  |TAMS 0x00000000a1a00000, 0x00000000a1b00000| Untracked 
|   1|0x00000000a1b00000, 0x00000000a1c00000, 0x00000000a1c00000|100%| O|  |TAMS 0x00000000a1b00000, 0x00000000a1c00000| Untracked 
|   2|0x00000000a1c00000, 0x00000000a1d00000, 0x00000000a1d00000|100%| O|  |TAMS 0x00000000a1c00000, 0x00000000a1d00000| Untracked 
|   3|0x00000000a1d00000, 0x00000000a1e00000, 0x00000000a1e00000|100%| O|  |TAMS 0x00000000a1d00000, 0x00000000a1e00000| Untracked 
|   4|0x00000000a1e00000, 0x00000000a1e7aa00, 0x00000000a1f00000| 47%| O|  |TAMS 0x00000000a1e00000, 0x00000000a1e7aa00| Untracked 
|   5|0x00000000a1f00000, 0x00000000a1f00000, 0x00000000a2000000|  0%| F|  |TAMS 0x00000000a1f00000, 0x00000000a1f00000| Untracked 
|   6|0x00000000a2000000, 0x00000000a2000000, 0x00000000a2100000|  0%| F|  |TAMS 0x00000000a2000000, 0x00000000a2000000| Untracked 
|   7|0x00000000a2100000, 0x00000000a2100000, 0x00000000a2200000|  0%| F|  |TAMS 0x00000000a2100000, 0x00000000a2100000| Untracked 
|   8|0x00000000a2200000, 0x00000000a2200000, 0x00000000a2300000|  0%| F|  |TAMS 0x00000000a2200000, 0x00000000a2200000| Untracked 
|   9|0x00000000a2300000, 0x00000000a2300000, 0x00000000a2400000|  0%| F|  |TAMS 0x00000000a2300000, 0x00000000a2300000| Untracked 
|  10|0x00000000a2400000, 0x00000000a2400000, 0x00000000a2500000|  0%| F|  |TAMS 0x00000000a2400000, 0x00000000a2400000| Untracked 
|  11|0x00000000a2500000, 0x00000000a2500000, 0x00000000a2600000|  0%| F|  |TAMS 0x00000000a2500000, 0x00000000a2500000| Untracked 
|  12|0x00000000a2600000, 0x00000000a2600000, 0x00000000a2700000|  0%| F|  |TAMS 0x00000000a2600000, 0x00000000a2600000| Untracked 
|  13|0x00000000a2700000, 0x00000000a2700000, 0x00000000a2800000|  0%| F|  |TAMS 0x00000000a2700000, 0x00000000a2700000| Untracked 
|  14|0x00000000a2800000, 0x00000000a2800000, 0x00000000a2900000|  0%| F|  |TAMS 0x00000000a2800000, 0x00000000a2800000| Untracked 
|  15|0x00000000a2900000, 0x00000000a2900000, 0x00000000a2a00000|  0%| F|  |TAMS 0x00000000a2900000, 0x00000000a2900000| Untracked 
|  16|0x00000000a2a00000, 0x00000000a2a00000, 0x00000000a2b00000|  0%| F|  |TAMS 0x00000000a2a00000, 0x00000000a2a00000| Untracked 
|  17|0x00000000a2b00000, 0x00000000a2b00000, 0x00000000a2c00000|  0%| F|  |TAMS 0x00000000a2b00000, 0x00000000a2b00000| Untracked 
|  18|0x00000000a2c00000, 0x00000000a2c00000, 0x00000000a2d00000|  0%| F|  |TAMS 0x00000000a2c00000, 0x00000000a2c00000| Untracked 
|  19|0x00000000a2d00000, 0x00000000a2d00000, 0x00000000a2e00000|  0%| F|  |TAMS 0x00000000a2d00000, 0x00000000a2d00000| Untracked 
|  20|0x00000000a2e00000, 0x00000000a2e00000, 0x00000000a2f00000|  0%| F|  |TAMS 0x00000000a2e00000, 0x00000000a2e00000| Untracked 
|  21|0x00000000a2f00000, 0x00000000a2f00000, 0x00000000a3000000|  0%| F|  |TAMS 0x00000000a2f00000, 0x00000000a2f00000| Untracked 
|  22|0x00000000a3000000, 0x00000000a3000000, 0x00000000a3100000|  0%| F|  |TAMS 0x00000000a3000000, 0x00000000a3000000| Untracked 
|  23|0x00000000a3100000, 0x00000000a3100000, 0x00000000a3200000|  0%| F|  |TAMS 0x00000000a3100000, 0x00000000a3100000| Untracked 
|  24|0x00000000a3200000, 0x00000000a3200000, 0x00000000a3300000|  0%| F|  |TAMS 0x00000000a3200000, 0x00000000a3200000| Untracked 
|  25|0x00000000a3300000, 0x00000000a3300000, 0x00000000a3400000|  0%| F|  |TAMS 0x00000000a3300000, 0x00000000a3300000| Untracked 
|  26|0x00000000a3400000, 0x00000000a3400000, 0x00000000a3500000|  0%| F|  |TAMS 0x00000000a3400000, 0x00000000a3400000| Untracked 
|  27|0x00000000a3500000, 0x00000000a3500000, 0x00000000a3600000|  0%| F|  |TAMS 0x00000000a3500000, 0x00000000a3500000| Untracked 
|  28|0x00000000a3600000, 0x00000000a3600000, 0x00000000a3700000|  0%| F|  |TAMS 0x00000000a3600000, 0x00000000a3600000| Untracked 
|  29|0x00000000a3700000, 0x00000000a3700000, 0x00000000a3800000|  0%| F|  |TAMS 0x00000000a3700000, 0x00000000a3700000| Untracked 
|  30|0x00000000a3800000, 0x00000000a3800000, 0x00000000a3900000|  0%| F|  |TAMS 0x00000000a3800000, 0x00000000a3800000| Untracked 
|  31|0x00000000a3900000, 0x00000000a3900000, 0x00000000a3a00000|  0%| F|  |TAMS 0x00000000a3900000, 0x00000000a3900000| Untracked 
|  32|0x00000000a3a00000, 0x00000000a3a00000, 0x00000000a3b00000|  0%| F|  |TAMS 0x00000000a3a00000, 0x00000000a3a00000| Untracked 
|  33|0x00000000a3b00000, 0x00000000a3b00000, 0x00000000a3c00000|  0%| F|  |TAMS 0x00000000a3b00000, 0x00000000a3b00000| Untracked 
|  34|0x00000000a3c00000, 0x00000000a3c00000, 0x00000000a3d00000|  0%| F|  |TAMS 0x00000000a3c00000, 0x00000000a3c00000| Untracked 
|  35|0x00000000a3d00000, 0x00000000a3d00000, 0x00000000a3e00000|  0%| F|  |TAMS 0x00000000a3d00000, 0x00000000a3d00000| Untracked 
|  36|0x00000000a3e00000, 0x00000000a3e00000, 0x00000000a3f00000|  0%| F|  |TAMS 0x00000000a3e00000, 0x00000000a3e00000| Untracked 
|  37|0x00000000a3f00000, 0x00000000a3f00000, 0x00000000a4000000|  0%| F|  |TAMS 0x00000000a3f00000, 0x00000000a3f00000| Untracked 
|  38|0x00000000a4000000, 0x00000000a4000000, 0x00000000a4100000|  0%| F|  |TAMS 0x00000000a4000000, 0x00000000a4000000| Untracked 
|  39|0x00000000a4100000, 0x00000000a4100000, 0x00000000a4200000|  0%| F|  |TAMS 0x00000000a4100000, 0x00000000a4100000| Untracked 
|  40|0x00000000a4200000, 0x00000000a4200000, 0x00000000a4300000|  0%| F|  |TAMS 0x00000000a4200000, 0x00000000a4200000| Untracked 
|  41|0x00000000a4300000, 0x00000000a4300000, 0x00000000a4400000|  0%| F|  |TAMS 0x00000000a4300000, 0x00000000a4300000| Untracked 
|  42|0x00000000a4400000, 0x00000000a4400000, 0x00000000a4500000|  0%| F|  |TAMS 0x00000000a4400000, 0x00000000a4400000| Untracked 
|  43|0x00000000a4500000, 0x00000000a4500000, 0x00000000a4600000|  0%| F|  |TAMS 0x00000000a4500000, 0x00000000a4500000| Untracked 
|  44|0x00000000a4600000, 0x00000000a4600000, 0x00000000a4700000|  0%| F|  |TAMS 0x00000000a4600000, 0x00000000a4600000| Untracked 
|  45|0x00000000a4700000, 0x00000000a4700000, 0x00000000a4800000|  0%| F|  |TAMS 0x00000000a4700000, 0x00000000a4700000| Untracked 
|  46|0x00000000a4800000, 0x00000000a4800000, 0x00000000a4900000|  0%| F|  |TAMS 0x00000000a4800000, 0x00000000a4800000| Untracked 
|  47|0x00000000a4900000, 0x00000000a4900000, 0x00000000a4a00000|  0%| F|  |TAMS 0x00000000a4900000, 0x00000000a4900000| Untracked 
|  48|0x00000000a4a00000, 0x00000000a4a00000, 0x00000000a4b00000|  0%| F|  |TAMS 0x00000000a4a00000, 0x00000000a4a00000| Untracked 
|  49|0x00000000a4b00000, 0x00000000a4b00000, 0x00000000a4c00000|  0%| F|  |TAMS 0x00000000a4b00000, 0x00000000a4b00000| Untracked 
|  50|0x00000000a4c00000, 0x00000000a4c00000, 0x00000000a4d00000|  0%| F|  |TAMS 0x00000000a4c00000, 0x00000000a4c00000| Untracked 
|  51|0x00000000a4d00000, 0x00000000a4d00000, 0x00000000a4e00000|  0%| F|  |TAMS 0x00000000a4d00000, 0x00000000a4d00000| Untracked 
|  52|0x00000000a4e00000, 0x00000000a4e00000, 0x00000000a4f00000|  0%| F|  |TAMS 0x00000000a4e00000, 0x00000000a4e00000| Untracked 
|  53|0x00000000a4f00000, 0x00000000a4f00000, 0x00000000a5000000|  0%| F|  |TAMS 0x00000000a4f00000, 0x00000000a4f00000| Untracked 
|  54|0x00000000a5000000, 0x00000000a5000000, 0x00000000a5100000|  0%| F|  |TAMS 0x00000000a5000000, 0x00000000a5000000| Untracked 
|  55|0x00000000a5100000, 0x00000000a5100000, 0x00000000a5200000|  0%| F|  |TAMS 0x00000000a5100000, 0x00000000a5100000| Untracked 
|  56|0x00000000a5200000, 0x00000000a5200000, 0x00000000a5300000|  0%| F|  |TAMS 0x00000000a5200000, 0x00000000a5200000| Untracked 
|  57|0x00000000a5300000, 0x00000000a5300000, 0x00000000a5400000|  0%| F|  |TAMS 0x00000000a5300000, 0x00000000a5300000| Untracked 
|  58|0x00000000a5400000, 0x00000000a5400000, 0x00000000a5500000|  0%| F|  |TAMS 0x00000000a5400000, 0x00000000a5400000| Untracked 
|  59|0x00000000a5500000, 0x00000000a5500000, 0x00000000a5600000|  0%| F|  |TAMS 0x00000000a5500000, 0x00000000a5500000| Untracked 
|  60|0x00000000a5600000, 0x00000000a5600000, 0x00000000a5700000|  0%| F|  |TAMS 0x00000000a5600000, 0x00000000a5600000| Untracked 
|  61|0x00000000a5700000, 0x00000000a5700000, 0x00000000a5800000|  0%| F|  |TAMS 0x00000000a5700000, 0x00000000a5700000| Untracked 
|  62|0x00000000a5800000, 0x00000000a5800000, 0x00000000a5900000|  0%| F|  |TAMS 0x00000000a5800000, 0x00000000a5800000| Untracked 
|  63|0x00000000a5900000, 0x00000000a5900000, 0x00000000a5a00000|  0%| F|  |TAMS 0x00000000a5900000, 0x00000000a5900000| Untracked 
|  64|0x00000000a5a00000, 0x00000000a5a00000, 0x00000000a5b00000|  0%| F|  |TAMS 0x00000000a5a00000, 0x00000000a5a00000| Untracked 
|  65|0x00000000a5b00000, 0x00000000a5b00000, 0x00000000a5c00000|  0%| F|  |TAMS 0x00000000a5b00000, 0x00000000a5b00000| Untracked 
|  66|0x00000000a5c00000, 0x00000000a5c00000, 0x00000000a5d00000|  0%| F|  |TAMS 0x00000000a5c00000, 0x00000000a5c00000| Untracked 
|  67|0x00000000a5d00000, 0x00000000a5d00000, 0x00000000a5e00000|  0%| F|  |TAMS 0x00000000a5d00000, 0x00000000a5d00000| Untracked 
|  68|0x00000000a5e00000, 0x00000000a5e00000, 0x00000000a5f00000|  0%| F|  |TAMS 0x00000000a5e00000, 0x00000000a5e00000| Untracked 
|  69|0x00000000a5f00000, 0x00000000a5f00000, 0x00000000a6000000|  0%| F|  |TAMS 0x00000000a5f00000, 0x00000000a5f00000| Untracked 
|  70|0x00000000a6000000, 0x00000000a6000000, 0x00000000a6100000|  0%| F|  |TAMS 0x00000000a6000000, 0x00000000a6000000| Untracked 
|  71|0x00000000a6100000, 0x00000000a6100000, 0x00000000a6200000|  0%| F|  |TAMS 0x00000000a6100000, 0x00000000a6100000| Untracked 
|  72|0x00000000a6200000, 0x00000000a6200000, 0x00000000a6300000|  0%| F|  |TAMS 0x00000000a6200000, 0x00000000a6200000| Untracked 
|  73|0x00000000a6300000, 0x00000000a6300000, 0x00000000a6400000|  0%| F|  |TAMS 0x00000000a6300000, 0x00000000a6300000| Untracked 
|  74|0x00000000a6400000, 0x00000000a6400000, 0x00000000a6500000|  0%| F|  |TAMS 0x00000000a6400000, 0x00000000a6400000| Untracked 
|  75|0x00000000a6500000, 0x00000000a6500000, 0x00000000a6600000|  0%| F|  |TAMS 0x00000000a6500000, 0x00000000a6500000| Untracked 
|  76|0x00000000a6600000, 0x00000000a6600000, 0x00000000a6700000|  0%| F|  |TAMS 0x00000000a6600000, 0x00000000a6600000| Untracked 
|  77|0x00000000a6700000, 0x00000000a6700000, 0x00000000a6800000|  0%| F|  |TAMS 0x00000000a6700000, 0x00000000a6700000| Untracked 
|  78|0x00000000a6800000, 0x00000000a6800000, 0x00000000a6900000|  0%| F|  |TAMS 0x00000000a6800000, 0x00000000a6800000| Untracked 
|  79|0x00000000a6900000, 0x00000000a6900000, 0x00000000a6a00000|  0%| F|  |TAMS 0x00000000a6900000, 0x00000000a6900000| Untracked 
|  80|0x00000000a6a00000, 0x00000000a6a00000, 0x00000000a6b00000|  0%| F|  |TAMS 0x00000000a6a00000, 0x00000000a6a00000| Untracked 
|  81|0x00000000a6b00000, 0x00000000a6b00000, 0x00000000a6c00000|  0%| F|  |TAMS 0x00000000a6b00000, 0x00000000a6b00000| Untracked 
|  82|0x00000000a6c00000, 0x00000000a6c00000, 0x00000000a6d00000|  0%| F|  |TAMS 0x00000000a6c00000, 0x00000000a6c00000| Untracked 
|  83|0x00000000a6d00000, 0x00000000a6d00000, 0x00000000a6e00000|  0%| F|  |TAMS 0x00000000a6d00000, 0x00000000a6d00000| Untracked 
|  84|0x00000000a6e00000, 0x00000000a6e00000, 0x00000000a6f00000|  0%| F|  |TAMS 0x00000000a6e00000, 0x00000000a6e00000| Untracked 
|  85|0x00000000a6f00000, 0x00000000a6f1dfe0, 0x00000000a7000000| 11%| S|CS|TAMS 0x00000000a6f00000, 0x00000000a6f00000| Complete 
|  86|0x00000000a7000000, 0x00000000a7100000, 0x00000000a7100000|100%| S|CS|TAMS 0x00000000a7000000, 0x00000000a7000000| Complete 
|  87|0x00000000a7100000, 0x00000000a7100000, 0x00000000a7200000|  0%| F|  |TAMS 0x00000000a7100000, 0x00000000a7100000| Untracked 
|  88|0x00000000a7200000, 0x00000000a7200000, 0x00000000a7300000|  0%| F|  |TAMS 0x00000000a7200000, 0x00000000a7200000| Untracked 
|  89|0x00000000a7300000, 0x00000000a7300000, 0x00000000a7400000|  0%| F|  |TAMS 0x00000000a7300000, 0x00000000a7300000| Untracked 
|  90|0x00000000a7400000, 0x00000000a7400000, 0x00000000a7500000|  0%| F|  |TAMS 0x00000000a7400000, 0x00000000a7400000| Untracked 
|  91|0x00000000a7500000, 0x00000000a7500000, 0x00000000a7600000|  0%| F|  |TAMS 0x00000000a7500000, 0x00000000a7500000| Untracked 
|  92|0x00000000a7600000, 0x00000000a7600000, 0x00000000a7700000|  0%| F|  |TAMS 0x00000000a7600000, 0x00000000a7600000| Untracked 
|  93|0x00000000a7700000, 0x00000000a7700000, 0x00000000a7800000|  0%| F|  |TAMS 0x00000000a7700000, 0x00000000a7700000| Untracked 
|  94|0x00000000a7800000, 0x00000000a7800000, 0x00000000a7900000|  0%| F|  |TAMS 0x00000000a7800000, 0x00000000a7800000| Untracked 
|  95|0x00000000a7900000, 0x00000000a7900000, 0x00000000a7a00000|  0%| F|  |TAMS 0x00000000a7900000, 0x00000000a7900000| Untracked 

Card table byte_map: [0x0000001d5cf90000,0x0000001d5d290000] _byte_map_base: 0x0000001d5ca83000

Marking Bits (Prev, Next): (CMBitMap*) 0x0000001d4a2ecc00, (CMBitMap*) 0x0000001d4a2ecc40
 Prev Bits: [0x0000001d5d590000, 0x0000001d5ed28000)
 Next Bits: [0x0000001d5ed30000, 0x0000001d604c8000)

Polling page: 0x0000001d47d60000

Metaspace:

Usage:
  Non-class:     16.24 MB capacity,    16.07 MB ( 99%) used,   149.83 KB ( <1%) free+waste,    27.50 KB ( <1%) overhead. 
      Class:      2.07 MB capacity,     1.97 MB ( 95%) used,    86.41 KB (  4%) free+waste,    10.94 KB ( <1%) overhead. 
       Both:     18.31 MB capacity,    18.04 MB ( 99%) used,   236.23 KB (  1%) free+waste,    38.44 KB ( <1%) overhead. 

Virtual space:
  Non-class space:       34.00 MB reserved,      16.25 MB ( 48%) committed 
      Class space:        1.00 GB reserved,       2.13 MB ( <1%) committed 
             Both:        1.03 GB reserved,      18.38 MB (  2%) committed 

Chunk freelists:
   Non-Class:  6.00 KB
       Class:  27.00 KB
        Both:  33.00 KB

MaxMetaspaceSize: 17179869184.00 GB
CompressedClassSpaceSize: 1.00 GB

CodeHeap 'non-profiled nmethods': size=238912Kb used=2125Kb max_used=2125Kb free=236786Kb
 bounds [0x0000001d4e340000, 0x0000001d4e5b0000, 0x0000001d5cc90000]
CodeHeap 'non-nmethods': size=6848Kb used=1177Kb max_used=1177Kb free=5670Kb
 bounds [0x0000001d4dc90000, 0x0000001d4df00000, 0x0000001d4e340000]
 total_blobs=1977 nmethods=1535 adapters=369
 compilation: enabled
              stopped_count=0, restarted_count=0
 full_count=0

Compilation events (20 events):
Event: 1.398 Thread 0x0000001d637684b0 1530       1       org.springframework.core.ResolvableType::as (86 bytes)
Event: 1.399 Thread 0x0000001d637684b0 nmethod 1530 0x0000001d4e550f90 code [0x0000001d4e551160, 0x0000001d4e551378]
Event: 1.399 Thread 0x0000001d637684b0 1527       1       java.util.concurrent.locks.ReentrantLock::lock (8 bytes)
Event: 1.399 Thread 0x0000001d637684b0 nmethod 1527 0x0000001d4e551510 code [0x0000001d4e5516c0, 0x0000001d4e551848]
Event: 1.399 Thread 0x0000001d637684b0 1528       1       java.util.concurrent.locks.ReentrantLock$Sync::lock (13 bytes)
Event: 1.399 Thread 0x0000001d637684b0 nmethod 1528 0x0000001d4e551990 code [0x0000001d4e551b40, 0x0000001d4e551ca8]
Event: 1.399 Thread 0x0000001d637684b0 1531       1       sun.reflect.generics.repository.AbstractRepository::getTree (5 bytes)
Event: 1.399 Thread 0x0000001d637684b0 nmethod 1531 0x0000001d4e551d90 code [0x0000001d4e551f20, 0x0000001d4e551fd8]
Event: 1.399 Thread 0x0000001d637684b0 1529       1       sun.reflect.generics.repository.AbstractRepository::getFactory (5 bytes)
Event: 1.399 Thread 0x0000001d637684b0 nmethod 1529 0x0000001d4e552090 code [0x0000001d4e552220, 0x0000001d4e5522d8]
Event: 1.399 Thread 0x0000001d637684b0 1532       1       org.springframework.core.ResolvableType::<init> (41 bytes)
Event: 1.400 Thread 0x0000001d637684b0 nmethod 1532 0x0000001d4e552390 code [0x0000001d4e552540, 0x0000001d4e5528a8]
Event: 1.400 Thread 0x0000001d637684b0 1524       1       java.util.HashMap$EntryIterator::<init> (11 bytes)
Event: 1.400 Thread 0x0000001d637684b0 nmethod 1524 0x0000001d4e552a10 code [0x0000001d4e552ba0, 0x0000001d4e552cc8]
Event: 1.400 Thread 0x0000001d637684b0 1533       1       java.util.concurrent.CopyOnWriteArrayList::elementAt (4 bytes)
Event: 1.400 Thread 0x0000001d637684b0 nmethod 1533 0x0000001d4e552d90 code [0x0000001d4e552f20, 0x0000001d4e552fd8]
Event: 1.400 Thread 0x0000001d637684b0 1534       1       java.util.concurrent.CopyOnWriteArrayList::get (9 bytes)
Event: 1.400 Thread 0x0000001d637684b0 nmethod 1534 0x0000001d4e553090 code [0x0000001d4e553220, 0x0000001d4e5532f8]
Event: 1.402 Thread 0x0000001d637684b0 1535       1       jdk.internal.misc.VM::isModuleSystemInited (13 bytes)
Event: 1.402 Thread 0x0000001d637684b0 nmethod 1535 0x0000001d4e553410 code [0x0000001d4e5535a0, 0x0000001d4e553658]

GC Heap History (6 events):
Event: 1.016 GC heap before
{Heap before GC invocations=0 (full 0):
 garbage-first heap   total 98304K, used 12288K [0x00000000a1a00000, 0x0000000100000000)
  region size 1024K, 13 young (13312K), 0 survivors (0K)
 Metaspace       used 14301K, capacity 14547K, committed 14592K, reserved 1062912K
  class space    used 1450K, capacity 1519K, committed 1536K, reserved 1048576K
}
Event: 1.026 GC heap after
{Heap after GC invocations=1 (full 0):
 garbage-first heap   total 98304K, used 4511K [0x00000000a1a00000, 0x0000000100000000)
  region size 1024K, 2 young (2048K), 2 survivors (2048K)
 Metaspace       used 14301K, capacity 14547K, committed 14592K, reserved 1062912K
  class space    used 1450K, capacity 1519K, committed 1536K, reserved 1048576K
}
Event: 1.212 GC heap before
{Heap before GC invocations=1 (full 0):
 garbage-first heap   total 98304K, used 12703K [0x00000000a1a00000, 0x0000000100000000)
  region size 1024K, 10 young (10240K), 2 survivors (2048K)
 Metaspace       used 16233K, capacity 16539K, committed 16640K, reserved 1064960K
  class space    used 1719K, capacity 1785K, committed 1792K, reserved 1048576K
}
Event: 1.217 GC heap after
{Heap after GC invocations=2 (full 0):
 garbage-first heap   total 98304K, used 5235K [0x00000000a1a00000, 0x0000000100000000)
  region size 1024K, 1 young (1024K), 1 survivors (1024K)
 Metaspace       used 16233K, capacity 16539K, committed 16640K, reserved 1064960K
  class space    used 1719K, capacity 1785K, committed 1792K, reserved 1048576K
}
Event: 1.406 GC heap before
{Heap before GC invocations=2 (full 0):
 garbage-first heap   total 98304K, used 11379K [0x00000000a1a00000, 0x0000000100000000)
  region size 1024K, 9 young (9216K), 1 survivors (1024K)
 Metaspace       used 18476K, capacity 18751K, committed 18816K, reserved 1081344K
  class space    used 2019K, capacity 2117K, committed 2176K, reserved 1048576K
}
Event: 1.409 GC heap after
{Heap after GC invocations=3 (full 0):
 garbage-first heap   total 98304K, used 5730K [0x00000000a1a00000, 0x0000000100000000)
  region size 1024K, 2 young (2048K), 2 survivors (2048K)
 Metaspace       used 18476K, capacity 18751K, committed 18816K, reserved 1081344K
  class space    used 2019K, capacity 2117K, committed 2176K, reserved 1048576K
}

Deoptimization events (0 events):
No events

Classes unloaded (0 events):
No events

Classes redefined (0 events):
No events

Internal exceptions (20 events):
Event: 1.085 Thread 0x0000001d4a2b4ae0 Exception <a 'java/lang/NoSuchMethodError'{0x00000000a7664848}: 'int java.lang.invoke.DirectMethodHandle$Holder.invokeStaticInit(java.lang.Object, java.lang.Object)'> (0x00000000a7664848) 
thrown [./open/src/hotspot/share/interpreter/linkResolver.cpp, line 782]
Event: 1.129 Thread 0x0000001d4a2b4ae0 Exception <a 'java/lang/NoSuchMethodError'{0x00000000a7412730}: 'int java.lang.invoke.DirectMethodHandle$Holder.invokeStaticInit(java.lang.Object, java.lang.Object, java.lang.Object)'> (0x00000000a7412730) 
thrown [./open/src/hotspot/share/interpreter/linkResolver.cpp, line 782]
Event: 1.133 Thread 0x0000001d4a2b4ae0 Exception <a 'java/lang/NoSuchMethodError'{0x00000000a743c008}: 'java.lang.Object java.lang.invoke.DirectMethodHandle$Holder.invokeVirtual(java.lang.Object, java.lang.Object, java.lang.Object)'> (0x00000000a743c008) 
thrown [./open/src/hotspot/share/interpreter/linkResolver.cpp, line 782]
Event: 1.137 Thread 0x0000001d4a2b4ae0 Exception <a 'java/lang/NoSuchMethodError'{0x00000000a7469830}: 'java.lang.Object java.lang.invoke.DirectMethodHandle$Holder.newInvokeSpecial(java.lang.Object, java.lang.Object, java.lang.Object, java.lang.Object, java.lang.Object)'> (0x00000000a7469830) 
thrown [./open/src/hotspot/share/interpreter/linkResolver.cpp, line 782]
Event: 1.198 Thread 0x0000001d4a2b4ae0 Exception <a 'java/io/FileNotFoundException'{0x00000000a7297428}> (0x00000000a7297428) 
thrown [./open/src/hotspot/share/prims/jni.cpp, line 578]
Event: 1.288 Thread 0x0000001d4a2b4ae0 Exception <a 'java/lang/NoSuchMethodError'{0x00000000a7743048}: 'void java.lang.invoke.DirectMethodHandle$Holder.invokeStatic(java.lang.Object, java.lang.Object, java.lang.Object, java.lang.Object)'> (0x00000000a7743048) 
thrown [./open/src/hotspot/share/interpreter/linkResolver.cpp, line 782]
Event: 1.291 Thread 0x0000001d4a2b4ae0 Exception <a 'java/lang/NoSuchMethodError'{0x00000000a775b4e8}: 'java.lang.Object java.lang.invoke.Invokers$Holder.invokeExact_MT(java.lang.Object, java.lang.Object, java.lang.Object, java.lang.Object, java.lang.Object, java.lang.Object)'> (0x00000000a775b4e8) 
thrown [./open/src/hotspot/share/interpreter/linkResolver.cpp, line 782]
Event: 1.294 Thread 0x0000001d4a2b4ae0 Exception <a 'java/lang/NoSuchMethodError'{0x00000000a7771668}: 'java.lang.Object java.lang.invoke.DirectMethodHandle$Holder.invokeInterface(java.lang.Object, java.lang.Object, java.lang.Object)'> (0x00000000a7771668) 
thrown [./open/src/hotspot/share/interpreter/linkResolver.cpp, line 782]
Event: 1.294 Thread 0x0000001d4a2b4ae0 Exception <a 'java/lang/IncompatibleClassChangeError'{0x00000000a7774f00}: Found class java.lang.Object, but interface was expected> (0x00000000a7774f00) 
thrown [./open/src/hotspot/share/interpreter/linkResolver.cpp, line 848]
Event: 1.315 Thread 0x0000001d4a2b4ae0 Exception <a 'java/lang/NoSuchMethodError'{0x00000000a7648fc8}: 'int java.lang.invoke.DirectMethodHandle$Holder.invokeSpecial(java.lang.Object, java.lang.Object, java.lang.Object, java.lang.Object)'> (0x00000000a7648fc8) 
thrown [./open/src/hotspot/share/interpreter/linkResolver.cpp, line 782]
Event: 1.349 Thread 0x0000001d4a2b4ae0 Exception <a 'java/lang/NoSuchMethodError'{0x00000000a75c9970}: 'java.lang.Object java.lang.invoke.DirectMethodHandle$Holder.newInvokeSpecial(java.lang.Object, java.lang.Object, java.lang.Object, java.lang.Object, java.lang.Object, java.lang.Object)'> (0x00000000a75c9970) 
thrown [./open/src/hotspot/share/interpreter/linkResolver.cpp, line 782]
Event: 1.364 Thread 0x0000001d4a2b4ae0 Exception <a 'java/lang/NoSuchMethodError'{0x00000000a746d758}: 'java.lang.Object java.lang.invoke.DirectMethodHandle$Holder.invokeSpecial(java.lang.Object, java.lang.Object, java.lang.Object, java.lang.Object, java.lang.Object, java.lang.Object, int)'> (0x00000000a746d758) 
thrown [./open/src/hotspot/share/interpreter/linkResolver.cpp, line 782]
Event: 1.365 Thread 0x0000001d4a2b4ae0 Exception <a 'java/lang/NoSuchMethodError'{0x00000000a7479050}: 'java.lang.Object java.lang.invoke.DirectMethodHandle$Holder.newInvokeSpecial(java.lang.Object, java.lang.Object, java.lang.Object, java.lang.Object, java.lang.Object, java.lang.Object, int)'> (0x00000000a7479050) 
thrown [./open/src/hotspot/share/interpreter/linkResolver.cpp, line 782]
Event: 1.366 Thread 0x0000001d4a2b4ae0 Exception <a 'java/lang/NoSuchMethodError'{0x00000000a747e198}: 'java.lang.Object java.lang.invoke.DirectMethodHandle$Holder.invokeSpecial(java.lang.Object, java.lang.Object, java.lang.Object, java.lang.Object, java.lang.Object, java.lang.Object, java.lang.Object, int)'> (0x00000000a747e198) 
thrown [./open/src/hotspot/share/interpreter/linkResolver.cpp, line 782]
Event: 1.376 Thread 0x0000001d4a2b4ae0 Exception <a 'java/lang/OutOfMemoryError'{0x00000000a74ecd20}> (0x00000000a74ecd20) 
thrown [./open/src/hotspot/share/prims/jni.cpp, line 599]
Event: 1.376 Thread 0x0000001d4a2b4ae0 Exception <a 'java/lang/NoSuchMethodError'{0x00000000a74ef468}: 'void java.lang.invoke.DirectMethodHandle$Holder.invokeSpecial(java.lang.Object, java.lang.Object, java.lang.Object, java.lang.Object, java.lang.Object)'> (0x00000000a74ef468) 
thrown [./open/src/hotspot/share/interpreter/linkResolver.cpp, line 782]
Event: 1.389 Thread 0x0000001d4a2b4ae0 Exception <a 'java/lang/NoClassDefFoundError'{0x00000000a7388bd0}: javax/validation/ValidationException> (0x00000000a7388bd0) 
thrown [./open/src/hotspot/share/classfile/systemDictionary.cpp, line 284]
Event: 1.391 Thread 0x0000001d4a2b4ae0 Exception <a 'java/lang/NoClassDefFoundError'{0x00000000a73a4da8}: liquibase/exception/ChangeLogParseException> (0x00000000a73a4da8) 
thrown [./open/src/hotspot/share/classfile/systemDictionary.cpp, line 284]
Event: 1.395 Thread 0x0000001d4a2b4ae0 Exception <a 'java/lang/NoClassDefFoundError'{0x00000000a73d2bb0}: org/springframework/jdbc/CannotGetJdbcConnectionException> (0x00000000a73d2bb0) 
thrown [./open/src/hotspot/share/classfile/systemDictionary.cpp, line 284]
Event: 1.404 Thread 0x0000001d4a2b4ae0 Exception <a 'java/lang/NoSuchMethodError'{0x00000000a721a5d0}: 'org.slf4j.impl.StaticMDCBinder org.slf4j.impl.StaticMDCBinder.getSingleton()'> (0x00000000a721a5d0) 
thrown [./open/src/hotspot/share/interpreter/linkResolver.cpp, line 782]

Events (20 events):
Event: 1.363 loading class java/util/stream/AbstractSpinedBuffer
Event: 1.363 loading class java/util/stream/AbstractSpinedBuffer done
Event: 1.363 loading class java/util/stream/SpinedBuffer done
Event: 1.363 loading class java/util/stream/StreamSpliterators
Event: 1.364 loading class java/util/stream/StreamSpliterators done
Event: 1.364 loading class java/util/function/BooleanSupplier
Event: 1.364 loading class java/util/function/BooleanSupplier done
Event: 1.372 Executing VM operation: CollectForMetadataAllocation
Event: 1.372 Executing VM operation: CollectForMetadataAllocation done
Event: 1.382 loading class java/io/StringWriter
Event: 1.383 loading class java/io/StringWriter done
Event: 1.404 loading class java/text/DontCareFieldPosition
Event: 1.404 loading class java/text/DontCareFieldPosition done
Event: 1.404 loading class java/text/DontCareFieldPosition$1
Event: 1.404 loading class java/text/Format$FieldDelegate
Event: 1.405 loading class java/text/Format$FieldDelegate done
Event: 1.405 loading class java/text/DontCareFieldPosition$1 done
Event: 1.405 loading class java/text/NumberFormat$Field
Event: 1.405 loading class java/text/NumberFormat$Field done
Event: 1.405 Executing VM operation: CollectForMetadataAllocation


Dynamic libraries:
0x00007ff6d7510000 - 0x00007ff6d751d000 	C:\Users\Douglas\Downloads\spring-tool-suite-4-4.10.0.RELEASE-e4.19.0-win32.win32.x86_64.self-extracting\sts-4.10.0.RELEASE\plugins\org.eclipse.justj.openjdk.hotspot.jre.full.win32.x86_64_15.0.2.v20210201-0955\jre\bin\javaw.exe
0x00007ff8b66c0000 - 0x00007ff8b686d000 	C:\Windows\SYSTEM32\ntdll.dll
0x00007ff8b4920000 - 0x00007ff8b4a5e000 	C:\Windows\system32\KERNEL32.DLL
0x00007ff8b3910000 - 0x00007ff8b3a26000 	C:\Windows\system32\KERNELBASE.dll
0x00007ff8a7160000 - 0x00007ff8a7178000 	C:\Users\Douglas\Downloads\spring-tool-suite-4-4.10.0.RELEASE-e4.19.0-win32.win32.x86_64.self-extracting\sts-4.10.0.RELEASE\plugins\org.eclipse.justj.openjdk.hotspot.jre.full.win32.x86_64_15.0.2.v20210201-0955\jre\bin\jli.dll
0x00007ff8a7140000 - 0x00007ff8a7159000 	C:\Users\Douglas\Downloads\spring-tool-suite-4-4.10.0.RELEASE-e4.19.0-win32.win32.x86_64.self-extracting\sts-4.10.0.RELEASE\plugins\org.eclipse.justj.openjdk.hotspot.jre.full.win32.x86_64_15.0.2.v20210201-0955\jre\bin\VCRUNTIME140.dll
0x00007ff8a9050000 - 0x00007ff8a9054000 	C:\Users\Douglas\Downloads\spring-tool-suite-4-4.10.0.RELEASE-e4.19.0-win32.win32.x86_64.self-extracting\sts-4.10.0.RELEASE\plugins\org.eclipse.justj.openjdk.hotspot.jre.full.win32.x86_64_15.0.2.v20210201-0955\jre\bin\api-ms-win-crt-stdio-l1-1-0.dll
0x00007ff8a8d40000 - 0x00007ff8a8d44000 	C:\Users\Douglas\Downloads\spring-tool-suite-4-4.10.0.RELEASE-e4.19.0-win32.win32.x86_64.self-extracting\sts-4.10.0.RELEASE\plugins\org.eclipse.justj.openjdk.hotspot.jre.full.win32.x86_64_15.0.2.v20210201-0955\jre\bin\api-ms-win-crt-runtime-l1-1-0.dll
0x00007ff8a8b20000 - 0x00007ff8a8b23000 	C:\Users\Douglas\Downloads\spring-tool-suite-4-4.10.0.RELEASE-e4.19.0-win32.win32.x86_64.self-extracting\sts-4.10.0.RELEASE\plugins\org.eclipse.justj.openjdk.hotspot.jre.full.win32.x86_64_15.0.2.v20210201-0955\jre\bin\api-ms-win-crt-environment-l1-1-0.dll
0x00007ff8a8a70000 - 0x00007ff8a8a75000 	C:\Users\Douglas\Downloads\spring-tool-suite-4-4.10.0.RELEASE-e4.19.0-win32.win32.x86_64.self-extracting\sts-4.10.0.RELEASE\plugins\org.eclipse.justj.openjdk.hotspot.jre.full.win32.x86_64_15.0.2.v20210201-0955\jre\bin\api-ms-win-crt-math-l1-1-0.dll
0x00007ff8a8780000 - 0x00007ff8a8783000 	C:\Users\Douglas\Downloads\spring-tool-suite-4-4.10.0.RELEASE-e4.19.0-win32.win32.x86_64.self-extracting\sts-4.10.0.RELEASE\plugins\org.eclipse.justj.openjdk.hotspot.jre.full.win32.x86_64_15.0.2.v20210201-0955\jre\bin\api-ms-win-crt-locale-l1-1-0.dll
0x00007ff8a7130000 - 0x00007ff8a7133000 	C:\Users\Douglas\Downloads\spring-tool-suite-4-4.10.0.RELEASE-e4.19.0-win32.win32.x86_64.self-extracting\sts-4.10.0.RELEASE\plugins\org.eclipse.justj.openjdk.hotspot.jre.full.win32.x86_64_15.0.2.v20210201-0955\jre\bin\api-ms-win-crt-heap-l1-1-0.dll
0x00007ff8b12a0000 - 0x00007ff8b151b000 	C:\Windows\WinSxS\amd64_microsoft.windows.common-controls_6595b64144ccf1df_6.0.9600.18006_none_623f33d3ecbe86e8\COMCTL32.dll
0x00007ff8b4090000 - 0x00007ff8b4207000 	C:\Windows\system32\USER32.dll
0x00007ff8a7120000 - 0x00007ff8a7123000 	C:\Users\Douglas\Downloads\spring-tool-suite-4-4.10.0.RELEASE-e4.19.0-win32.win32.x86_64.self-extracting\sts-4.10.0.RELEASE\plugins\org.eclipse.justj.openjdk.hotspot.jre.full.win32.x86_64_15.0.2.v20210201-0955\jre\bin\api-ms-win-crt-filesystem-l1-1-0.dll
0x00007ff8a6f30000 - 0x00007ff8a6f34000 	C:\Users\Douglas\Downloads\spring-tool-suite-4-4.10.0.RELEASE-e4.19.0-win32.win32.x86_64.self-extracting\sts-4.10.0.RELEASE\plugins\org.eclipse.justj.openjdk.hotspot.jre.full.win32.x86_64_15.0.2.v20210201-0955\jre\bin\api-ms-win-crt-string-l1-1-0.dll
0x00007ff8a6f20000 - 0x00007ff8a6f24000 	C:\Users\Douglas\Downloads\spring-tool-suite-4-4.10.0.RELEASE-e4.19.0-win32.win32.x86_64.self-extracting\sts-4.10.0.RELEASE\plugins\org.eclipse.justj.openjdk.hotspot.jre.full.win32.x86_64_15.0.2.v20210201-0955\jre\bin\api-ms-win-crt-convert-l1-1-0.dll
0x00007ff8b4ac0000 - 0x00007ff8b4b6a000 	C:\Windows\system32\msvcrt.dll
0x00007ff8b4b90000 - 0x00007ff8b4cdb000 	C:\Windows\system32\GDI32.dll
0x00007ff891410000 - 0x00007ff89150a000 	C:\Users\Douglas\Downloads\spring-tool-suite-4-4.10.0.RELEASE-e4.19.0-win32.win32.x86_64.self-extracting\sts-4.10.0.RELEASE\plugins\org.eclipse.justj.openjdk.hotspot.jre.full.win32.x86_64_15.0.2.v20210201-0955\jre\bin\ucrtbase.DLL
0x00007ff8b4050000 - 0x00007ff8b4086000 	C:\Windows\system32\IMM32.DLL
0x00007ff8b64a0000 - 0x00007ff8b65f1000 	C:\Windows\system32\MSCTF.dll
0x00007ff8a6f10000 - 0x00007ff8a6f1c000 	C:\Users\Douglas\Downloads\spring-tool-suite-4-4.10.0.RELEASE-e4.19.0-win32.win32.x86_64.self-extracting\sts-4.10.0.RELEASE\plugins\org.eclipse.justj.openjdk.hotspot.jre.full.win32.x86_64_15.0.2.v20210201-0955\jre\bin\vcruntime140_1.dll
0x00007ff8915f0000 - 0x00007ff891681000 	C:\Users\Douglas\Downloads\spring-tool-suite-4-4.10.0.RELEASE-e4.19.0-win32.win32.x86_64.self-extracting\sts-4.10.0.RELEASE\plugins\org.eclipse.justj.openjdk.hotspot.jre.full.win32.x86_64_15.0.2.v20210201-0955\jre\bin\msvcp140.dll
0x00007ff8a6f00000 - 0x00007ff8a6f03000 	C:\Users\Douglas\Downloads\spring-tool-suite-4-4.10.0.RELEASE-e4.19.0-win32.win32.x86_64.self-extracting\sts-4.10.0.RELEASE\plugins\org.eclipse.justj.openjdk.hotspot.jre.full.win32.x86_64_15.0.2.v20210201-0955\jre\bin\api-ms-win-crt-time-l1-1-0.dll
0x00007ff8a5c60000 - 0x00007ff8a5c63000 	C:\Users\Douglas\Downloads\spring-tool-suite-4-4.10.0.RELEASE-e4.19.0-win32.win32.x86_64.self-extracting\sts-4.10.0.RELEASE\plugins\org.eclipse.justj.openjdk.hotspot.jre.full.win32.x86_64_15.0.2.v20210201-0955\jre\bin\api-ms-win-crt-utility-l1-1-0.dll
0x00007ff8957a0000 - 0x00007ff8962fe000 	C:\Users\Douglas\Downloads\spring-tool-suite-4-4.10.0.RELEASE-e4.19.0-win32.win32.x86_64.self-extracting\sts-4.10.0.RELEASE\plugins\org.eclipse.justj.openjdk.hotspot.jre.full.win32.x86_64_15.0.2.v20210201-0955\jre\bin\server\jvm.dll
0x00007ff8b4800000 - 0x00007ff8b48aa000 	C:\Windows\system32\ADVAPI32.dll
0x00007ff8b11b0000 - 0x00007ff8b11b9000 	C:\Windows\SYSTEM32\WSOCK32.dll
0x00007ff8ad030000 - 0x00007ff8ad052000 	C:\Windows\SYSTEM32\WINMM.dll
0x00007ff8ab030000 - 0x00007ff8ab03a000 	C:\Windows\SYSTEM32\VERSION.dll
0x00007ff8b63b0000 - 0x00007ff8b63b7000 	C:\Windows\system32\PSAPI.DLL
0x00007ff8b3ff0000 - 0x00007ff8b4049000 	C:\Windows\SYSTEM32\sechost.dll
0x00007ff8b42e0000 - 0x00007ff8b4420000 	C:\Windows\system32\RPCRT4.dll
0x00007ff8b4a60000 - 0x00007ff8b4aba000 	C:\Windows\system32\WS2_32.dll
0x00007ff8ad000000 - 0x00007ff8ad02a000 	C:\Windows\SYSTEM32\WINMMBASE.dll
0x00007ff8b3c10000 - 0x00007ff8b3c3e000 	C:\Windows\system32\SspiCli.dll
0x00007ff8b4420000 - 0x00007ff8b4429000 	C:\Windows\system32\NSI.dll
0x00007ff8b38c0000 - 0x00007ff8b390f000 	C:\Windows\SYSTEM32\cfgmgr32.dll
0x00007ff8b2630000 - 0x00007ff8b2658000 	C:\Windows\SYSTEM32\DEVOBJ.dll
0x00007ff8b24f0000 - 0x00007ff8b24fa000 	C:\Users\Douglas\Downloads\spring-tool-suite-4-4.10.0.RELEASE-e4.19.0-win32.win32.x86_64.self-extracting\sts-4.10.0.RELEASE\plugins\org.eclipse.justj.openjdk.hotspot.jre.full.win32.x86_64_15.0.2.v20210201-0955\jre\bin\jimage.dll
0x00007ff8a4310000 - 0x00007ff8a4499000 	C:\Windows\SYSTEM32\DBGHELP.DLL
0x00007ff8b0860000 - 0x00007ff8b0885000 	C:\Users\Douglas\Downloads\spring-tool-suite-4-4.10.0.RELEASE-e4.19.0-win32.win32.x86_64.self-extracting\sts-4.10.0.RELEASE\plugins\org.eclipse.justj.openjdk.hotspot.jre.full.win32.x86_64_15.0.2.v20210201-0955\jre\bin\java.dll
0x00007ff8b1b60000 - 0x00007ff8b1b78000 	C:\Users\Douglas\Downloads\spring-tool-suite-4-4.10.0.RELEASE-e4.19.0-win32.win32.x86_64.self-extracting\sts-4.10.0.RELEASE\plugins\org.eclipse.justj.openjdk.hotspot.jre.full.win32.x86_64_15.0.2.v20210201-0955\jre\bin\zip.dll
0x00007ff8b4e80000 - 0x00007ff8b63ac000 	C:\Windows\system32\SHELL32.dll
0x00007ff8b45e0000 - 0x00007ff8b47f2000 	C:\Windows\SYSTEM32\combase.dll
0x00007ff8b63d0000 - 0x00007ff8b6424000 	C:\Windows\system32\SHLWAPI.dll
0x00007ff8b1d80000 - 0x00007ff8b1e32000 	C:\Windows\SYSTEM32\SHCORE.dll
0x00007ff8b37f0000 - 0x00007ff8b3805000 	C:\Windows\SYSTEM32\profapi.dll
0x00007ff8b11f0000 - 0x00007ff8b1209000 	C:\Users\Douglas\Downloads\spring-tool-suite-4-4.10.0.RELEASE-e4.19.0-win32.win32.x86_64.self-extracting\sts-4.10.0.RELEASE\plugins\org.eclipse.justj.openjdk.hotspot.jre.full.win32.x86_64_15.0.2.v20210201-0955\jre\bin\net.dll
0x00007ff8acb90000 - 0x00007ff8acc57000 	C:\Windows\SYSTEM32\WINHTTP.dll
0x00007ff8b3020000 - 0x00007ff8b3079000 	C:\Windows\system32\mswsock.dll
0x00007ff8af0b0000 - 0x00007ff8af0c2000 	C:\Users\Douglas\Downloads\spring-tool-suite-4-4.10.0.RELEASE-e4.19.0-win32.win32.x86_64.self-extracting\sts-4.10.0.RELEASE\plugins\org.eclipse.justj.openjdk.hotspot.jre.full.win32.x86_64_15.0.2.v20210201-0955\jre\bin\nio.dll
0x00007ff8ac590000 - 0x00007ff8ac599000 	C:\Users\Douglas\Downloads\spring-tool-suite-4-4.10.0.RELEASE-e4.19.0-win32.win32.x86_64.self-extracting\sts-4.10.0.RELEASE\plugins\org.eclipse.justj.openjdk.hotspot.jre.full.win32.x86_64_15.0.2.v20210201-0955\jre\bin\management.dll
0x00007ff8ac460000 - 0x00007ff8ac46b000 	C:\Users\Douglas\Downloads\spring-tool-suite-4-4.10.0.RELEASE-e4.19.0-win32.win32.x86_64.self-extracting\sts-4.10.0.RELEASE\plugins\org.eclipse.justj.openjdk.hotspot.jre.full.win32.x86_64_15.0.2.v20210201-0955\jre\bin\management_ext.dll
0x00007ff8ab3d0000 - 0x00007ff8ab3e5000 	C:\Windows\system32\napinsp.dll
0x00007ff8ab3b0000 - 0x00007ff8ab3ca000 	C:\Windows\system32\pnrpnsp.dll
0x00007ff8afbd0000 - 0x00007ff8afbeb000 	C:\Windows\system32\NLAapi.dll
0x00007ff8b2e20000 - 0x00007ff8b2ec4000 	C:\Windows\SYSTEM32\DNSAPI.dll
0x00007ff8ab310000 - 0x00007ff8ab31d000 	C:\Windows\System32\winrnr.dll
0x00007ff8acd90000 - 0x00007ff8acd9a000 	C:\Windows\System32\rasadhlp.dll
0x00007ff8af8d0000 - 0x00007ff8af8fa000 	C:\Windows\SYSTEM32\IPHLPAPI.DLL
0x00007ff8af550000 - 0x00007ff8af55a000 	C:\Windows\SYSTEM32\WINNSI.DLL
0x00007ff8af2e0000 - 0x00007ff8af34b000 	C:\Windows\System32\fwpuclnt.dll
0x00007ff8b3080000 - 0x00007ff8b30a0000 	C:\Windows\SYSTEM32\CRYPTSP.dll
0x00007ff8b2ca0000 - 0x00007ff8b2cd6000 	C:\Windows\system32\rsaenh.dll
0x00007ff8b32d0000 - 0x00007ff8b32f6000 	C:\Windows\SYSTEM32\bcrypt.dll
0x00007ff8b2db0000 - 0x00007ff8b2dd1000 	C:\Windows\SYSTEM32\USERENV.dll
0x00007ff8b35f0000 - 0x00007ff8b3653000 	C:\Windows\system32\bcryptprimitives.dll
0x00007ff8b3660000 - 0x00007ff8b366b000 	C:\Windows\SYSTEM32\CRYPTBASE.dll
0x00007ff8af1b0000 - 0x00007ff8af1c6000 	C:\Windows\SYSTEM32\dhcpcsvc6.DLL
0x00007ff8af2c0000 - 0x00007ff8af2da000 	C:\Windows\SYSTEM32\dhcpcsvc.DLL
0x00007ff8b24a0000 - 0x00007ff8b24b0000 	C:\Users\Douglas\Downloads\spring-tool-suite-4-4.10.0.RELEASE-e4.19.0-win32.win32.x86_64.self-extracting\sts-4.10.0.RELEASE\plugins\org.eclipse.justj.openjdk.hotspot.jre.full.win32.x86_64_15.0.2.v20210201-0955\jre\bin\verify.dll

dbghelp: loaded successfully - version: 4.0.5 - missing functions: none
symbol engine: initialized successfully - sym options: 0x614 - pdb path: .;C:\Users\Douglas\Downloads\spring-tool-suite-4-4.10.0.RELEASE-e4.19.0-win32.win32.x86_64.self-extracting\sts-4.10.0.RELEASE\plugins\org.eclipse.justj.openjdk.hotspot.jre.full.win32.x86_64_15.0.2.v20210201-0955\jre\bin;C:\Windows\SYSTEM32;C:\Windows\WinSxS\amd64_microsoft.windows.common-controls_6595b64144ccf1df_6.0.9600.18006_none_623f33d3ecbe86e8;C:\Users\Douglas\Downloads\spring-tool-suite-4-4.10.0.RELEASE-e4.19.0-win32.win32.x86_64.self-extracting\sts-4.10.0.RELEASE\plugins\org.eclipse.justj.openjdk.hotspot.jre.full.win32.x86_64_15.0.2.v20210201-0955\jre\bin\server

VM Arguments:
jvm_args: -Dcom.sun.management.jmxremote -Dcom.sun.management.jmxremote.port=55234 -Dcom.sun.management.jmxremote.authenticate=false -Dcom.sun.management.jmxremote.ssl=false -Djava.rmi.server.hostname=localhost -Dspring.jmx.enabled=true -Dspring.application.admin.enabled=true -XX:TieredStopAtLevel=1 -Dspring.boot.project.name=ControleDeEstoqueApi -Dfile.encoding=UTF-8 -XX:+ShowCodeDetailsInExceptionMessages 
java_command: H.ControleDeEstoqueApi.ControleDeEstoqueApiApplication --spring.output.ansi.enabled=always
java_class_path (initial): E:\Estudos Programação\EstudosJava\UserRegistration\ProjetoAvanade\Backend\target\classes;C:\Users\Douglas\.m2\repository\org\springframework\boot\spring-boot-starter-web\2.5.0\spring-boot-starter-web-2.5.0.jar;C:\Users\Douglas\.m2\repository\org\springframework\boot\spring-boot-starter\2.5.0\spring-boot-starter-2.5.0.jar;C:\Users\Douglas\.m2\repository\org\springframework\boot\spring-boot\2.5.0\spring-boot-2.5.0.jar;C:\Users\Douglas\.m2\repository\org\springframework\boot\spring-boot-autoconfigure\2.5.0\spring-boot-autoconfigure-2.5.0.jar;C:\Users\Douglas\.m2\repository\org\springframework\boot\spring-boot-starter-logging\2.5.0\spring-boot-starter-logging-2.5.0.jar;C:\Users\Douglas\.m2\repository\ch\qos\logback\logback-classic\1.2.3\logback-classic-1.2.3.jar;C:\Users\Douglas\.m2\repository\ch\qos\logback\logback-core\1.2.3\logback-core-1.2.3.jar;C:\Users\Douglas\.m2\repository\org\apache\logging\log4j\log4j-to-slf4j\2.14.1\log4j-to-slf4j-2.14.1.jar;C:\Users\Douglas\.m2\repository\org\apache\logging\log4j\log4j-api\2.14.1\log4j-api-2.14.1.jar;C:\Users\Douglas\.m2\repository\org\slf4j\jul-to-slf4j\1.7.30\jul-to-slf4j-1.7.30.jar;C:\Users\Douglas\.m2\repository\jakarta\annotation\jakarta.annotation-api\1.3.5\jakarta.annotation-api-1.3.5.jar;C:\Users\Douglas\.m2\repository\org\yaml\snakeyaml\1.28\snakeyaml-1.28.jar;C:\Users\Douglas\.m2\repository\org\springframework\boot\spring-boot-starter-json\2.5.0\spring-boot-starter-json-2.5.0.jar;C:\Users\Douglas\.m2\repository\com\fasterxml\jackson\core\jackson-databind\2.12.3\jackson-databind-2.12.3.jar;C:\Users\Douglas\.m2\repository\com\fasterxml\jackson\core\jackson-annotations\2.12.3\jackson-annotations-2.12.3.jar;C:\Users\Douglas\.m2\repository\com\fasterxml\jackson\core\jackson-core\2.12.3\jackson-core-2.12.3.jar;C:\Users\Douglas\.m2\repository\com\fasterxml\jackson\datatype\jackson-datatype-jdk8\2.12.3\jackson-datatype-jdk8-2.12.3.jar;C:\Users\Douglas\.m2\repository\com\fasterxml\jackson\datat
Launcher Type: SUN_STANDARD

[Global flags]
     intx CICompilerCount                          = 3                                         {product} {ergonomic}
     uint ConcGCThreads                            = 1                                         {product} {ergonomic}
     uint G1ConcRefinementThreads                  = 4                                         {product} {ergonomic}
   size_t G1HeapRegionSize                         = 1048576                                   {product} {ergonomic}
    uintx GCDrainStackTargetSize                   = 64                                        {product} {ergonomic}
   size_t InitialHeapSize                          = 100663296                                 {product} {ergonomic}
     bool ManagementServer                         = true                                      {product} {command line}
   size_t MarkStackSize                            = 4194304                                   {product} {ergonomic}
   size_t MaxHeapSize                              = 1583349760                                {product} {ergonomic}
   size_t MaxNewSize                               = 950009856                                 {product} {ergonomic}
   size_t MinHeapDeltaBytes                        = 1048576                                   {product} {ergonomic}
   size_t MinHeapSize                              = 8388608                                   {product} {ergonomic}
    uintx NonNMethodCodeHeapSize                   = 6973028                                {pd product} {ergonomic}
    uintx NonProfiledCodeHeapSize                  = 244685212                              {pd product} {ergonomic}
    uintx ProfiledCodeHeapSize                     = 0                                      {pd product} {ergonomic}
    uintx ReservedCodeCacheSize                    = 251658240                              {pd product} {ergonomic}
     bool SegmentedCodeCache                       = true                                      {product} {ergonomic}
     bool ShowCodeDetailsInExceptionMessages       = true                                   {manageable} {command line}
   size_t SoftMaxHeapSize                          = 1583349760                             {manageable} {ergonomic}
     intx TieredStopAtLevel                        = 1                                         {product} {command line}
     bool UseCompressedClassPointers               = true                                 {lp64_product} {ergonomic}
     bool UseCompressedOops                        = true                                 {lp64_product} {ergonomic}
     bool UseG1GC                                  = true                                      {product} {ergonomic}
     bool UseLargePagesIndividualAllocation        = false                                  {pd product} {ergonomic}

Logging:
Log output configuration:
 #0: stdout all=warning uptime,level,tags
 #1: stderr all=off uptime,level,tags

Environment Variables:
JAVA_HOME=C:\Program Files\Java\zulu11.48.21-ca-jdk11.0.11-win_x64
PATH=C:/Users/Douglas/Downloads/spring-tool-suite-4-4.10.0.RELEASE-e4.19.0-win32.win32.x86_64.self-extracting/sts-4.10.0.RELEASE//plugins/org.eclipse.justj.openjdk.hotspot.jre.full.win32.x86_64_15.0.2.v20210201-0955/jre/bin/server;C:/Users/Douglas/Downloads/spring-tool-suite-4-4.10.0.RELEASE-e4.19.0-win32.win32.x86_64.self-extracting/sts-4.10.0.RELEASE//plugins/org.eclipse.justj.openjdk.hotspot.jre.full.win32.x86_64_15.0.2.v20210201-0955/jre/bin;C:\Windows\system32;C:\Windows;C:\Windows\System32\Wbem;C:\Windows\System32\WindowsPowerShell\v1.0\;C:\Program Files\nodejs\;C:\Program Files\Java\zulu11.48.21-ca-jdk11.0.11-win_x64\bin;C:\apache-maven-3.8.1\bin;C:\gradle-7.0.1\bin;C:\Program Files\PostgreSQL\12\bin;C:\Users\Douglas\AppData\Roaming\npm;C:\Users\Douglas\AppData\Local\Programs\Microsoft VS Code\bin;C:\Program Files\MySQL\MySQL Server 8.0\bin;C:\Program Files\heroku\bin;C:\Program Files\JetBrains\IntelliJ IDEA Community Edition 2021.1.1\bin;;C:\apache-maven-3.8.1\bin;C:\Users\Douglas\Downloads\spring-tool-suite-4-4.10.0.RELEASE-e4.19.0-win32.win32.x86_64.self-extracting\sts-4.10.0.RELEASE;
USERNAME=Douglas
OS=Windows_NT
PROCESSOR_IDENTIFIER=Intel64 Family 6 Model 58 Stepping 9, GenuineIntel



---------------  S Y S T E M  ---------------

OS:
 Windows 8.1 , 64 bit Build 9600 (6.3.9600.17415)
OS uptime: 26 days 15:11 hours

CPU: total 4 (initial active 4) (2 cores per cpu, 2 threads per core) family 6 model 58 stepping 9 microcode 0x1b, cmov, cx8, fxsr, mmx, sse, sse2, sse3, ssse3, sse4.1, sse4.2, popcnt, vzeroupper, avx, clmul, erms, ht, tsc, tscinvbit, tscinv, clflush

Memory: 4k page, system-wide physical 6037M (854M free)
TotalPageFile size 6037M (AvailPageFile size 4M)
current process WorkingSet (physical memory assigned to process): 78M, peak: 78M
current process commit charge ("private bytes"): 183M, peak: 184M

vm_info: OpenJDK 64-Bit Server VM (15.0.2+7-27) for windows-amd64 JRE (15.0.2+7-27), built on Dec  7 2020 20:02:38 by "mach5one" with unknown MS VC++:1925

END.
