#
# There is insufficient memory for the Java Runtime Environment to continue.
# Native memory allocation (mmap) failed to map 100663296 bytes for Failed to commit area from 0x00000000a1a00000 to 0x00000000a7a00000 of length 100663296.
# Possible reasons:
#   The system is out of physical RAM or swap space
#   The process is running with CompressedOops enabled, and the Java Heap may be blocking the growth of the native heap
# Possible solutions:
#   Reduce memory load on the system
#   Increase physical memory or swap space
#   Check if swap backing store is full
#   Decrease Java heap size (-Xmx/-Xms)
#   Decrease number of Java threads
#   Decrease Java thread stack sizes (-Xss)
#   Set larger code cache with -XX:ReservedCodeCacheSize=
# This output file may be truncated or incomplete.
#
#  Out of Memory Error (./src/hotspot/os/windows/os_windows.cpp:3301), pid=4484, tid=760
#
# JRE version:  (11.0.11+9) (build )
# Java VM: OpenJDK 64-Bit Server VM (11.0.11+9-LTS, mixed mode, sharing, tiered, compressed oops, g1 gc, windows-amd64)
# No core dump will be written. Minidumps are not enabled by default on client versions of Windows
#

---------------  S U M M A R Y ------------

Command Line: -Dmaven.multiModuleProjectDirectory=E:\Estudos Programação\EstudosJava\UserRegistration\ProjetoAvanade\Backend org.apache.maven.wrapper.MavenWrapperMain compile -f e:\Estudos Programação\EstudosJava\UserRegistration\ProjetoAvanade\Backend\pom.xml

Host: Intel(R) Core(TM) i3-3110M CPU @ 2.40GHz, 4 cores, 5G,  Windows 8.1 , 64 bit Build 9600 (6.3.9600.17415)
Time: Wed May 26 11:28:19 2021 Hora oficial do Brasil elapsed time: 0.126744 seconds (0d 0h 0m 0s)

---------------  T H R E A D  ---------------

Current thread (0x00000035222e4800):  JavaThread "Unknown thread" [_thread_in_vm, id=760, stack(0x0000003521990000,0x0000003521a90000)]

Stack: [0x0000003521990000,0x0000003521a90000]
Native frames: (J=compiled Java code, j=interpreted, Vv=VM code, C=native code)
V  [jvm.dll+0x5fa24a]
V  [jvm.dll+0x782ebe]
V  [jvm.dll+0x78458f]
V  [jvm.dll+0x784c53]
V  [jvm.dll+0x247158]
V  [jvm.dll+0x5f73ea]
V  [jvm.dll+0x5ebeb5]
V  [jvm.dll+0x2fcb3c]
V  [jvm.dll+0x2fc9c2]
V  [jvm.dll+0x301676]
V  [jvm.dll+0x34655f]
V  [jvm.dll+0x345f90]
V  [jvm.dll+0x2d9788]
V  [jvm.dll+0x2da8d6]
V  [jvm.dll+0x75e427]
V  [jvm.dll+0x75fbb1]
V  [jvm.dll+0x3532d9]
V  [jvm.dll+0x741430]
V  [jvm.dll+0x3bc12f]
V  [jvm.dll+0x3be631]
C  [jli.dll+0x520b]
C  [ucrtbase.DLL+0x1cab0]
C  [KERNEL32.DLL+0x13d2]
C  [ntdll.dll+0x154f4]


---------------  P R O C E S S  ---------------

Threads class SMR info:
_java_thread_list=0x000000351fd33ad0, length=0, elements={
}

Java Threads: ( => current thread )

Other Threads:
  0x00000035222fd800 GCTaskThread "GC Thread#0" [stack: 0x0000003521c70000,0x0000003521d70000] [id=1080]
  0x0000003522324000 ConcurrentGCThread "G1 Main Marker" [stack: 0x000000353d490000,0x000000353d590000] [id=6024]
  0x0000003522325800 ConcurrentGCThread "G1 Conc#0" [stack: 0x000000353d590000,0x000000353d690000] [id=6028]

[error occurred during error reporting (printing all threads), id 0xc0000005, EXCEPTION_ACCESS_VIOLATION (0xc0000005) at pc=0x00007ff891979347]

VM state:not at safepoint (not fully initialized)

VM Mutex/Monitor currently owned by a thread:  ([mutex/lock_event])
[0x00000035222e3390] Heap_lock - owner thread: 0x00000035222e4800

Heap address: 0x00000000a1a00000, size: 1510 MB, Compressed Oops mode: Non-zero based: 0x00000000a1a00000
Narrow klass base: 0x0000000000000000, Narrow klass shift: 0

GC Heap History (0 events):
No events

Deoptimization events (0 events):
No events

Classes redefined (0 events):
No events

Internal exceptions (0 events):
No events

Events (1 events):
Event: 0.008 Loaded shared library C:\Program Files\Java\zulu11.48.21-ca-jdk11.0.11-win_x64\bin\zip.dll


Dynamic libraries:
0x00007ff69ba40000 - 0x00007ff69ba4d000 	C:\Program Files\Java\zulu11.48.21-ca-jdk11.0.11-win_x64\bin\java.exe
0x00007ff8b66c0000 - 0x00007ff8b686d000 	C:\Windows\SYSTEM32\ntdll.dll
0x00007ff8b4920000 - 0x00007ff8b4a5e000 	C:\Windows\system32\KERNEL32.DLL
0x00007ff8b3910000 - 0x00007ff8b3a26000 	C:\Windows\system32\KERNELBASE.dll
0x00007ff8abd30000 - 0x00007ff8abd47000 	C:\Program Files\Java\zulu11.48.21-ca-jdk11.0.11-win_x64\bin\jli.dll
0x00007ff8abbd0000 - 0x00007ff8abbe5000 	C:\Program Files\Java\zulu11.48.21-ca-jdk11.0.11-win_x64\bin\VCRUNTIME140.dll
0x00007ff8b0950000 - 0x00007ff8b0954000 	C:\Program Files\Java\zulu11.48.21-ca-jdk11.0.11-win_x64\bin\api-ms-win-crt-stdio-l1-1-0.dll
0x00007ff8b0920000 - 0x00007ff8b0924000 	C:\Program Files\Java\zulu11.48.21-ca-jdk11.0.11-win_x64\bin\api-ms-win-crt-runtime-l1-1-0.dll
0x00007ff8b0540000 - 0x00007ff8b0543000 	C:\Program Files\Java\zulu11.48.21-ca-jdk11.0.11-win_x64\bin\api-ms-win-crt-environment-l1-1-0.dll
0x00007ff8b0180000 - 0x00007ff8b0185000 	C:\Program Files\Java\zulu11.48.21-ca-jdk11.0.11-win_x64\bin\api-ms-win-crt-math-l1-1-0.dll
0x00007ff8af0a0000 - 0x00007ff8af0a3000 	C:\Program Files\Java\zulu11.48.21-ca-jdk11.0.11-win_x64\bin\api-ms-win-crt-locale-l1-1-0.dll
0x00007ff8ae730000 - 0x00007ff8ae733000 	C:\Program Files\Java\zulu11.48.21-ca-jdk11.0.11-win_x64\bin\api-ms-win-crt-heap-l1-1-0.dll
0x00007ff8b12a0000 - 0x00007ff8b151b000 	C:\Windows\WinSxS\amd64_microsoft.windows.common-controls_6595b64144ccf1df_6.0.9600.18006_none_623f33d3ecbe86e8\COMCTL32.dll
0x00007ff8b4090000 - 0x00007ff8b4207000 	C:\Windows\system32\USER32.dll
0x00007ff8add70000 - 0x00007ff8add73000 	C:\Program Files\Java\zulu11.48.21-ca-jdk11.0.11-win_x64\bin\api-ms-win-crt-filesystem-l1-1-0.dll
0x00007ff8ad7a0000 - 0x00007ff8ad7a4000 	C:\Program Files\Java\zulu11.48.21-ca-jdk11.0.11-win_x64\bin\api-ms-win-crt-string-l1-1-0.dll
0x00007ff8ad060000 - 0x00007ff8ad064000 	C:\Program Files\Java\zulu11.48.21-ca-jdk11.0.11-win_x64\bin\api-ms-win-crt-convert-l1-1-0.dll
0x00007ff8b4ac0000 - 0x00007ff8b4b6a000 	C:\Windows\system32\msvcrt.dll
0x00007ff8b4b90000 - 0x00007ff8b4cdb000 	C:\Windows\system32\GDI32.dll
0x00007ff892280000 - 0x00007ff892375000 	C:\Program Files\Java\zulu11.48.21-ca-jdk11.0.11-win_x64\bin\ucrtbase.DLL
0x00007ff8b4050000 - 0x00007ff8b4086000 	C:\Windows\system32\IMM32.DLL
0x00007ff8b64a0000 - 0x00007ff8b65f1000 	C:\Windows\system32\MSCTF.dll
0x00007ff8921e0000 - 0x00007ff89227b000 	C:\Program Files\Java\zulu11.48.21-ca-jdk11.0.11-win_x64\bin\msvcp140.dll
0x00007ff8ac450000 - 0x00007ff8ac453000 	C:\Program Files\Java\zulu11.48.21-ca-jdk11.0.11-win_x64\bin\api-ms-win-crt-time-l1-1-0.dll
0x00007ff8ac2e0000 - 0x00007ff8ac2e3000 	C:\Program Files\Java\zulu11.48.21-ca-jdk11.0.11-win_x64\bin\api-ms-win-crt-utility-l1-1-0.dll
0x00007ff891690000 - 0x00007ff8921de000 	C:\Program Files\Java\zulu11.48.21-ca-jdk11.0.11-win_x64\bin\server\jvm.dll
0x00007ff8b4800000 - 0x00007ff8b48aa000 	C:\Windows\system32\ADVAPI32.dll
0x00007ff8b11b0000 - 0x00007ff8b11b9000 	C:\Windows\SYSTEM32\WSOCK32.dll
0x00007ff8ad030000 - 0x00007ff8ad052000 	C:\Windows\SYSTEM32\WINMM.dll
0x00007ff8ab030000 - 0x00007ff8ab03a000 	C:\Windows\SYSTEM32\VERSION.dll
0x00007ff8b63b0000 - 0x00007ff8b63b7000 	C:\Windows\system32\PSAPI.DLL
0x00007ff8b3ff0000 - 0x00007ff8b4049000 	C:\Windows\SYSTEM32\sechost.dll
0x00007ff8b42e0000 - 0x00007ff8b4420000 	C:\Windows\system32\RPCRT4.dll
0x00007ff8b4a60000 - 0x00007ff8b4aba000 	C:\Windows\system32\WS2_32.dll
0x00007ff8ad000000 - 0x00007ff8ad02a000 	C:\Windows\SYSTEM32\WINMMBASE.dll
0x00007ff8b3c10000 - 0x00007ff8b3c3e000 	C:\Windows\system32\SspiCli.dll
0x00007ff8b4420000 - 0x00007ff8b4429000 	C:\Windows\system32\NSI.dll
0x00007ff8b38c0000 - 0x00007ff8b390f000 	C:\Windows\SYSTEM32\cfgmgr32.dll
0x00007ff8b2630000 - 0x00007ff8b2658000 	C:\Windows\SYSTEM32\DEVOBJ.dll
0x00007ff8ac150000 - 0x00007ff8ac160000 	C:\Program Files\Java\zulu11.48.21-ca-jdk11.0.11-win_x64\bin\verify.dll
0x00007ff8a4310000 - 0x00007ff8a4499000 	C:\Windows\SYSTEM32\DBGHELP.DLL
0x00007ff8a9090000 - 0x00007ff8a90b8000 	C:\Program Files\Java\zulu11.48.21-ca-jdk11.0.11-win_x64\bin\java.dll
0x00007ff8abe80000 - 0x00007ff8abe8a000 	C:\Program Files\Java\zulu11.48.21-ca-jdk11.0.11-win_x64\bin\jimage.dll
0x00007ff8aa2b0000 - 0x00007ff8aa2c7000 	C:\Program Files\Java\zulu11.48.21-ca-jdk11.0.11-win_x64\bin\zip.dll

dbghelp: loaded successfully - version: 4.0.5 - missing functions: none
symbol engine: initialized successfully - sym options: 0x614 - pdb path: .;C:\Program Files\Java\zulu11.48.21-ca-jdk11.0.11-win_x64\bin;C:\Windows\SYSTEM32;C:\Windows\WinSxS\amd64_microsoft.windows.common-controls_6595b64144ccf1df_6.0.9600.18006_none_623f33d3ecbe86e8;C:\Program Files\Java\zulu11.48.21-ca-jdk11.0.11-win_x64\bin\server

VM Arguments:
jvm_args: -Dmaven.multiModuleProjectDirectory=E:\Estudos Programação\EstudosJava\UserRegistration\ProjetoAvanade\Backend 
java_command: org.apache.maven.wrapper.MavenWrapperMain compile -f e:\Estudos Programação\EstudosJava\UserRegistration\ProjetoAvanade\Backend\pom.xml
java_class_path (initial): E:\Estudos Programação\EstudosJava\UserRegistration\ProjetoAvanade\Backend\.mvn\wrapper\maven-wrapper.jar
Launcher Type: SUN_STANDARD

[Global flags]
     intx CICompilerCount                          = 3                                         {product} {ergonomic}
     uint ConcGCThreads                            = 1                                         {product} {ergonomic}
     uint G1ConcRefinementThreads                  = 4                                         {product} {ergonomic}
   size_t G1HeapRegionSize                         = 1048576                                   {product} {ergonomic}
    uintx GCDrainStackTargetSize                   = 64                                        {product} {ergonomic}
   size_t InitialHeapSize                          = 100663296                                 {product} {ergonomic}
   size_t MarkStackSize                            = 4194304                                   {product} {ergonomic}
   size_t MaxHeapSize                              = 1583349760                                {product} {ergonomic}
   size_t MinHeapDeltaBytes                        = 1048576                                   {product} {ergonomic}
    uintx NonNMethodCodeHeapSize                   = 5830732                                {pd product} {ergonomic}
    uintx NonProfiledCodeHeapSize                  = 122913754                              {pd product} {ergonomic}
    uintx ProfiledCodeHeapSize                     = 122913754                              {pd product} {ergonomic}
    uintx ReservedCodeCacheSize                    = 251658240                              {pd product} {ergonomic}
     bool SegmentedCodeCache                       = true                                      {product} {ergonomic}
     bool UseCompressedClassPointers               = true                                 {lp64_product} {ergonomic}
     bool UseCompressedOops                        = true                                 {lp64_product} {ergonomic}
     bool UseG1GC                                  = true                                      {product} {ergonomic}
     bool UseLargePagesIndividualAllocation        = false                                  {pd product} {ergonomic}

Logging:
Log output configuration:
 #0: stdout all=warning uptime,level,tags
 #1: stderr all=off uptime,level,tags

Environment Variables:
JAVA_HOME=C:\Program Files\Java\zulu11.48.21-ca-jdk11.0.11-win_x64
PATH=C:\Windows\system32;C:\Windows;C:\Windows\System32\Wbem;C:\Windows\System32\WindowsPowerShell\v1.0\;C:\Program Files\nodejs\;C:\Program Files\Java\zulu11.48.21-ca-jdk11.0.11-win_x64\bin;C:\apache-maven-3.8.1\bin;C:\gradle-7.0.1\bin;C:\Program Files\PostgreSQL\12\bin;C:\Users\Douglas\AppData\Roaming\npm;C:\Users\Douglas\AppData\Local\Programs\Microsoft VS Code\bin;C:\Program Files\MySQL\MySQL Server 8.0\bin;C:\Program Files\heroku\bin;C:\Program Files\JetBrains\IntelliJ IDEA Community Edition 2021.1.1\bin;;C:\apache-maven-3.8.1\bin
USERNAME=Douglas
LANG=pt_BR.UTF-8
OS=Windows_NT
PROCESSOR_IDENTIFIER=Intel64 Family 6 Model 58 Stepping 9, GenuineIntel



---------------  S Y S T E M  ---------------

OS: Windows 8.1 , 64 bit Build 9600 (6.3.9600.17415)
OS uptime: 26 days 15:13 hours

CPU:total 4 (initial active 4) (2 cores per cpu, 2 threads per core) family 6 model 58 stepping 9 microcode 0x1b, cmov, cx8, fxsr, mmx, sse, sse2, sse3, ssse3, sse4.1, sse4.2, popcnt, avx, clmul, erms, ht, tsc, tscinvbit, tscinv

Memory: 4k page, system-wide physical 6037M (847M free)
TotalPageFile size 6037M (AvailPageFile size 61M)
current process WorkingSet (physical memory assigned to process): 9M, peak: 9M
current process commit charge ("private bytes"): 51M, peak: 147M

vm_info: OpenJDK 64-Bit Server VM (11.0.11+9-LTS) for windows-amd64 JRE (Zulu11.48+21-CA) (11.0.11+9-LTS), built on Apr  4 2021 08:19:59 by "zulu_re" with MS VC++ 15.9 (VS2017)

END.
